<?xml version="1.0" encoding="UTF-8"?>
<!-- Generated by org.testng.reporters.JUnitReportReporter -->
<testsuite skipped="36" hostname="LAPTOP-6T9NE33L" name="com.SFDC.Automation.AutomationScript_Test" tests="38" failures="0" timestamp="22 Jul 2019 14:40:29 GMT" time="34.194" errors="1">
  <testcase name="Login" time="15.139" classname="com.SFDC.Automation.AutomationScript_Test"/>
  <testcase name="CalendarRecurrance_TC37" time="19.055" classname="com.SFDC.Automation.AutomationScript_Test">
    <error type="org.openqa.selenium.NoSuchElementException" message="no such element: Unable to locate element: {&quot;method&quot;:&quot;xpath&quot;,&quot;selector&quot;:&quot;//a[contains(text(),&#039;Sunday July 21, 2019&#039;)]&quot;}
  (Session info: chrome=75.0.3770.142)
For documentation on this error, please visit: https://www.seleniumhq.org/exceptions/no_such_element.html
Build info: version: &#039;3.141.59&#039;, revision: &#039;e82be7d358&#039;, time: &#039;2018-11-14T08:17:03&#039;
System info: host: &#039;LAPTOP-6T9NE33L&#039;, ip: &#039;192.168.0.22&#039;, os.name: &#039;Windows 10&#039;, os.arch: &#039;amd64&#039;, os.version: &#039;10.0&#039;, java.version: &#039;1.8.0_211&#039;
Driver info: org.openqa.selenium.chrome.ChromeDriver
Capabilities {acceptInsecureCerts: false, browserName: chrome, browserVersion: 75.0.3770.142, chrome: {chromedriverVersion: 75.0.3770.90 (a6dcaf7e3ec6f..., userDataDir: C:\Users\shank\AppData\Loca...}, goog:chromeOptions: {debuggerAddress: localhost:55077}, javascriptEnabled: true, networkConnectionEnabled: false, pageLoadStrategy: normal, platform: XP, platformName: XP, proxy: Proxy(), setWindowRect: true, strictFileInteractability: false, timeouts: {implicit: 0, pageLoad: 300000, script: 30000}, unhandledPromptBehavior: dismiss and notify}
Session ID: 4d78f00667a46f997dde4a70688c11e4
*** Element info: {Using=xpath, value=//a[contains(text(),&#039;Sunday July 21, 2019&#039;)]}">
      <![CDATA[org.openqa.selenium.NoSuchElementException: no such element: Unable to locate element: {"method":"xpath","selector":"//a[contains(text(),'Sunday July 21, 2019')]"}
  (Session info: chrome=75.0.3770.142)
For documentation on this error, please visit: https://www.seleniumhq.org/exceptions/no_such_element.html
Build info: version: '3.141.59', revision: 'e82be7d358', time: '2018-11-14T08:17:03'
System info: host: 'LAPTOP-6T9NE33L', ip: '192.168.0.22', os.name: 'Windows 10', os.arch: 'amd64', os.version: '10.0', java.version: '1.8.0_211'
Driver info: org.openqa.selenium.chrome.ChromeDriver
Capabilities {acceptInsecureCerts: false, browserName: chrome, browserVersion: 75.0.3770.142, chrome: {chromedriverVersion: 75.0.3770.90 (a6dcaf7e3ec6f..., userDataDir: C:\Users\shank\AppData\Loca...}, goog:chromeOptions: {debuggerAddress: localhost:55077}, javascriptEnabled: true, networkConnectionEnabled: false, pageLoadStrategy: normal, platform: XP, platformName: XP, proxy: Proxy(), setWindowRect: true, strictFileInteractability: false, timeouts: {implicit: 0, pageLoad: 300000, script: 30000}, unhandledPromptBehavior: dismiss and notify}
Session ID: 4d78f00667a46f997dde4a70688c11e4
*** Element info: {Using=xpath, value=//a[contains(text(),'Sunday July 21, 2019')]}
at sun.reflect.NativeConstructorAccessorImpl.newInstance0(Native Method)
at sun.reflect.NativeConstructorAccessorImpl.newInstance(NativeConstructorAccessorImpl.java:62)
at sun.reflect.DelegatingConstructorAccessorImpl.newInstance(DelegatingConstructorAccessorImpl.java:45)
at java.lang.reflect.Constructor.newInstance(Constructor.java:423)
at org.openqa.selenium.remote.http.W3CHttpResponseCodec.createException(W3CHttpResponseCodec.java:187)
at org.openqa.selenium.remote.http.W3CHttpResponseCodec.decode(W3CHttpResponseCodec.java:122)
at org.openqa.selenium.remote.http.W3CHttpResponseCodec.decode(W3CHttpResponseCodec.java:49)
at org.openqa.selenium.remote.HttpCommandExecutor.execute(HttpCommandExecutor.java:158)
at org.openqa.selenium.remote.service.DriverCommandExecutor.execute(DriverCommandExecutor.java:83)
at org.openqa.selenium.remote.RemoteWebDriver.execute(RemoteWebDriver.java:552)
at org.openqa.selenium.remote.RemoteWebDriver.findElement(RemoteWebDriver.java:323)
at org.openqa.selenium.remote.RemoteWebDriver.findElementByXPath(RemoteWebDriver.java:428)
at org.openqa.selenium.By$ByXPath.findElement(By.java:353)
at org.openqa.selenium.remote.RemoteWebDriver.findElement(RemoteWebDriver.java:315)
at com.SFDC.Automation.AutomationScript_Test.CalendarRecurrance_TC37(AutomationScript_Test.java:952)
at sun.reflect.NativeMethodAccessorImpl.invoke0(Native Method)
at sun.reflect.NativeMethodAccessorImpl.invoke(NativeMethodAccessorImpl.java:62)
at sun.reflect.DelegatingMethodAccessorImpl.invoke(DelegatingMethodAccessorImpl.java:43)
at java.lang.reflect.Method.invoke(Method.java:498)
at org.testng.internal.MethodInvocationHelper.invokeMethod(MethodInvocationHelper.java:124)
at org.testng.internal.Invoker.invokeMethod(Invoker.java:583)
at org.testng.internal.Invoker.invokeTestMethod(Invoker.java:719)
at org.testng.internal.Invoker.invokeTestMethods(Invoker.java:989)
at org.testng.internal.TestMethodWorker.invokeTestMethods(TestMethodWorker.java:125)
at org.testng.internal.TestMethodWorker.run(TestMethodWorker.java:109)
at org.testng.TestRunner.privateRun(TestRunner.java:648)
at org.testng.TestRunner.run(TestRunner.java:505)
at org.testng.SuiteRunner.runTest(SuiteRunner.java:455)
at org.testng.SuiteRunner.runSequentially(SuiteRunner.java:450)
at org.testng.SuiteRunner.privateRun(SuiteRunner.java:415)
at org.testng.SuiteRunner.run(SuiteRunner.java:364)
at org.testng.SuiteRunnerWorker.runSuite(SuiteRunnerWorker.java:52)
at org.testng.SuiteRunnerWorker.run(SuiteRunnerWorker.java:84)
at org.testng.TestNG.runSuitesSequentially(TestNG.java:1208)
at org.testng.TestNG.runSuitesLocally(TestNG.java:1137)
at org.testng.TestNG.runSuites(TestNG.java:1049)
at org.testng.TestNG.run(TestNG.java:1017)
at org.apache.maven.surefire.testng.TestNGExecutor.run(TestNGExecutor.java:281)
at org.apache.maven.surefire.testng.TestNGXmlTestSuite.execute(TestNGXmlTestSuite.java:75)
at org.apache.maven.surefire.testng.TestNGProvider.invoke(TestNGProvider.java:121)
at org.apache.maven.surefire.booter.ForkedBooter.invokeProviderInSameClassLoader(ForkedBooter.java:290)
at org.apache.maven.surefire.booter.ForkedBooter.runSuitesInProcess(ForkedBooter.java:242)
at org.apache.maven.surefire.booter.ForkedBooter.main(ForkedBooter.java:121)
]]>
    </error>
  </testcase> <!-- CalendarRecurrance_TC37 -->
  <testcase name="Calendar_TC36" classname="com.SFDC.Automation.AutomationScript_Test">
    <skipped/>
  </testcase> <!-- Calendar_TC36 -->
  <testcase name="Contact_View_TC31" classname="com.SFDC.Automation.AutomationScript_Test">
    <skipped/>
  </testcase> <!-- Contact_View_TC31 -->
  <testcase name="ViewErrorMsg_TC30" classname="com.SFDC.Automation.AutomationScript_Test">
    <skipped/>
  </testcase> <!-- ViewErrorMsg_TC30 -->
  <testcase name="Test_Quarterly_Summary_Report_TC19" classname="com.SFDC.Automation.AutomationScript_Test">
    <skipped/>
  </testcase> <!-- Test_Quarterly_Summary_Report_TC19 -->
  <testcase name="Accounts_Merge_TC13" classname="com.SFDC.Automation.AutomationScript_Test">
    <skipped/>
  </testcase> <!-- Accounts_Merge_TC13 -->
  <testcase name="UserMenu_LogOut_09" classname="com.SFDC.Automation.AutomationScript_Test">
    <skipped/>
  </testcase> <!-- UserMenu_LogOut_09 -->
  <testcase name="TodaysLead_TC23" classname="com.SFDC.Automation.AutomationScript_Test">
    <skipped/>
  </testcase> <!-- TodaysLead_TC23 -->
  <testcase name="Create_new_Opty_TC16" classname="com.SFDC.Automation.AutomationScript_Test">
    <skipped/>
  </testcase> <!-- Create_new_Opty_TC16 -->
  <testcase name="UserMenu_MySetting_Email_07" classname="com.SFDC.Automation.AutomationScript_Test">
    <skipped/>
  </testcase> <!-- UserMenu_MySetting_Email_07 -->
  <testcase name="ContactNew_SaveButton_TC32" classname="com.SFDC.Automation.AutomationScript_Test">
    <skipped/>
  </testcase> <!-- ContactNew_SaveButton_TC32 -->
  <testcase name="UserMenu_MySetting_Display_07" classname="com.SFDC.Automation.AutomationScript_Test">
    <skipped/>
  </testcase> <!-- UserMenu_MySetting_Display_07 -->
  <testcase name="MyContacts_TC28" classname="com.SFDC.Automation.AutomationScript_Test">
    <skipped/>
  </testcase> <!-- MyContacts_TC28 -->
  <testcase name="UserMenu_MySetting_CalendarReminder_07" classname="com.SFDC.Automation.AutomationScript_Test">
    <skipped/>
  </testcase> <!-- UserMenu_MySetting_CalendarReminder_07 -->
  <testcase name="oppurtunity_Stuck_report_TC18" classname="com.SFDC.Automation.AutomationScript_Test">
    <skipped/>
  </testcase> <!-- oppurtunity_Stuck_report_TC18 -->
  <testcase name="ViewDropDown_TC21" classname="com.SFDC.Automation.AutomationScript_Test">
    <skipped/>
  </testcase> <!-- ViewDropDown_TC21 -->
  <testcase name="ValidateLastName_TC34" classname="com.SFDC.Automation.AutomationScript_Test">
    <skipped/>
  </testcase> <!-- ValidateLastName_TC34 -->
  <testcase name="Accounts_Create_New_TC10" classname="com.SFDC.Automation.AutomationScript_Test">
    <skipped/>
  </testcase> <!-- Accounts_Create_New_TC10 -->
  <testcase name="Accounts_Create_New_View_TC11" classname="com.SFDC.Automation.AutomationScript_Test">
    <skipped/>
  </testcase> <!-- Accounts_Create_New_View_TC11 -->
  <testcase name="FirstLastName_TC33" classname="com.SFDC.Automation.AutomationScript_Test">
    <skipped/>
  </testcase> <!-- FirstLastName_TC33 -->
  <testcase name="oppurtunity_TC15" classname="com.SFDC.Automation.AutomationScript_Test">
    <skipped/>
  </testcase> <!-- oppurtunity_TC15 -->
  <testcase name="MyProfile_TC06" classname="com.SFDC.Automation.AutomationScript_Test">
    <skipped/>
  </testcase> <!-- MyProfile_TC06 -->
  <testcase name="NewButton_TC24" classname="com.SFDC.Automation.AutomationScript_Test">
    <skipped/>
  </testcase> <!-- NewButton_TC24 -->
  <testcase name="RecentCretaed_TC27" classname="com.SFDC.Automation.AutomationScript_Test">
    <skipped/>
  </testcase> <!-- RecentCretaed_TC27 -->
  <testcase name="UserMenu_DeveloperConsole_08" classname="com.SFDC.Automation.AutomationScript_Test">
    <skipped/>
  </testcase> <!-- UserMenu_DeveloperConsole_08 -->
  <testcase name="LeadTab_TC20" classname="com.SFDC.Automation.AutomationScript_Test">
    <skipped/>
  </testcase> <!-- LeadTab_TC20 -->
  <testcase name="initialize_Driver" classname="com.SFDC.Automation.AutomationScript_Test">
    <skipped/>
  </testcase> <!-- initialize_Driver -->
  <testcase name="UserMenu_TC05" classname="com.SFDC.Automation.AutomationScript_Test">
    <skipped/>
  </testcase> <!-- UserMenu_TC05 -->
  <testcase name="Contact_TC25" classname="com.SFDC.Automation.AutomationScript_Test">
    <skipped/>
  </testcase> <!-- Contact_TC25 -->
  <testcase name="UserMenu_MySetting_Personal_TC07" classname="com.SFDC.Automation.AutomationScript_Test">
    <skipped/>
  </testcase> <!-- UserMenu_MySetting_Personal_TC07 -->
  <testcase name="Functionality_Go_Button_TC22" classname="com.SFDC.Automation.AutomationScript_Test">
    <skipped/>
  </testcase> <!-- Functionality_Go_Button_TC22 -->
  <testcase name="launchUrl" classname="com.SFDC.Automation.AutomationScript_Test">
    <skipped/>
  </testcase> <!-- launchUrl -->
  <testcase name="ContactName_TC29" classname="com.SFDC.Automation.AutomationScript_Test">
    <skipped/>
  </testcase> <!-- ContactName_TC29 -->
  <testcase name="Contact_View_TC26" classname="com.SFDC.Automation.AutomationScript_Test">
    <skipped/>
  </testcase> <!-- Contact_View_TC26 -->
  <testcase name="Accounts_Edit_View_TC12" classname="com.SFDC.Automation.AutomationScript_Test">
    <skipped/>
  </testcase> <!-- Accounts_Edit_View_TC12 -->
  <testcase name="AllTab_TC35" classname="com.SFDC.Automation.AutomationScript_Test">
    <skipped/>
  </testcase> <!-- AllTab_TC35 -->
  <testcase name="oppurtunity_Pipeline_report_TC17" classname="com.SFDC.Automation.AutomationScript_Test">
    <skipped/>
  </testcase> <!-- oppurtunity_Pipeline_report_TC17 -->
</testsuite> <!-- com.SFDC.Automation.AutomationScript_Test -->
