<?xml version="1.0" encoding="UTF-8"?>
<!-- Generated by org.testng.reporters.JUnitXMLReporter -->
<testsuite hostname="LAPTOP-6T9NE33L" ignored="36" name="testngTest" tests="2" failures="1" timestamp="22 Jul 2019 14:40:28 GMT" time="38.774" errors="0">
  <testcase name="Login" time="15.139" classname="com.SFDC.Automation.AutomationScript_Test"/>
  <testcase name="CalendarRecurrance_TC37" time="19.055" classname="com.SFDC.Automation.AutomationScript_Test">
    <failure type="org.openqa.selenium.NoSuchElementException" message="no such element: Unable to locate element: {&amp;quot;method&amp;quot;:&amp;quot;xpath&amp;quot;,&amp;quot;selector&amp;quot;:&amp;quot;//a[contains(text(),&amp;apos;Sunday July 21, 2019&amp;apos;)]&amp;quot;}
  (Session info: chrome=75.0.3770.142)
For documentation on this error, please visit: https://www.seleniumhq.org/exceptions/no_such_element.html
Build info: version: &amp;apos;3.141.59&amp;apos;, revision: &amp;apos;e82be7d358&amp;apos;, time: &amp;apos;2018-11-14T08:17:03&amp;apos;
System info: host: &amp;apos;LAPTOP-6T9NE33L&amp;apos;, ip: &amp;apos;192.168.0.22&amp;apos;, os.name: &amp;apos;Windows 10&amp;apos;, os.arch: &amp;apos;amd64&amp;apos;, os.version: &amp;apos;10.0&amp;apos;, java.version: &amp;apos;1.8.0_211&amp;apos;
Driver info: org.openqa.selenium.chrome.ChromeDriver
Capabilities {acceptInsecureCerts: false, browserName: chrome, browserVersion: 75.0.3770.142, chrome: {chromedriverVersion: 75.0.3770.90 (a6dcaf7e3ec6f..., userDataDir: C:\Users\shank\AppData\Loca...}, goog:chromeOptions: {debuggerAddress: localhost:55077}, javascriptEnabled: true, networkConnectionEnabled: false, pageLoadStrategy: normal, platform: XP, platformName: XP, proxy: Proxy(), setWindowRect: true, strictFileInteractability: false, timeouts: {implicit: 0, pageLoad: 300000, script: 30000}, unhandledPromptBehavior: dismiss and notify}
Session ID: 4d78f00667a46f997dde4a70688c11e4
*** Element info: {Using=xpath, value=//a[contains(text(),&amp;apos;Sunday July 21, 2019&amp;apos;)]}">
      <![CDATA[org.openqa.selenium.NoSuchElementException: no such element: Unable to locate element: {"method":"xpath","selector":"//a[contains(text(),'Sunday July 21, 2019')]"}
  (Session info: chrome=75.0.3770.142)
For documentation on this error, please visit: https://www.seleniumhq.org/exceptions/no_such_element.html
Build info: version: '3.141.59', revision: 'e82be7d358', time: '2018-11-14T08:17:03'
System info: host: 'LAPTOP-6T9NE33L', ip: '192.168.0.22', os.name: 'Windows 10', os.arch: 'amd64', os.version: '10.0', java.version: '1.8.0_211'
Driver info: org.openqa.selenium.chrome.ChromeDriver
Capabilities {acceptInsecureCerts: false, browserName: chrome, browserVersion: 75.0.3770.142, chrome: {chromedriverVersion: 75.0.3770.90 (a6dcaf7e3ec6f..., userDataDir: C:\Users\shank\AppData\Loca...}, goog:chromeOptions: {debuggerAddress: localhost:55077}, javascriptEnabled: true, networkConnectionEnabled: false, pageLoadStrategy: normal, platform: XP, platformName: XP, proxy: Proxy(), setWindowRect: true, strictFileInteractability: false, timeouts: {implicit: 0, pageLoad: 300000, script: 30000}, unhandledPromptBehavior: dismiss and notify}
Session ID: 4d78f00667a46f997dde4a70688c11e4
*** Element info: {Using=xpath, value=//a[contains(text(),'Sunday July 21, 2019')]}
at org.openqa.selenium.remote.http.W3CHttpResponseCodec.createException(W3CHttpResponseCodec.java:187)
at org.openqa.selenium.remote.http.W3CHttpResponseCodec.decode(W3CHttpResponseCodec.java:122)
at org.openqa.selenium.remote.http.W3CHttpResponseCodec.decode(W3CHttpResponseCodec.java:49)
at org.openqa.selenium.remote.HttpCommandExecutor.execute(HttpCommandExecutor.java:158)
at org.openqa.selenium.remote.service.DriverCommandExecutor.execute(DriverCommandExecutor.java:83)
at org.openqa.selenium.remote.RemoteWebDriver.execute(RemoteWebDriver.java:552)
at org.openqa.selenium.remote.RemoteWebDriver.findElement(RemoteWebDriver.java:323)
at org.openqa.selenium.remote.RemoteWebDriver.findElementByXPath(RemoteWebDriver.java:428)
at org.openqa.selenium.By$ByXPath.findElement(By.java:353)
at org.openqa.selenium.remote.RemoteWebDriver.findElement(RemoteWebDriver.java:315)
at com.SFDC.Automation.AutomationScript_Test.CalendarRecurrance_TC37(AutomationScript_Test.java:952)
... Removed 32 stack frames]]>
    </failure>
  </testcase> <!-- CalendarRecurrance_TC37 -->
  <testcase name="Calendar_TC36" time="0.0" classname="com.SFDC.Automation.AutomationScript_Test">
    <ignored/>
  </testcase> <!-- Calendar_TC36 -->
  <testcase name="Contact_View_TC31" time="0.0" classname="com.SFDC.Automation.AutomationScript_Test">
    <ignored/>
  </testcase> <!-- Contact_View_TC31 -->
  <testcase name="ViewErrorMsg_TC30" time="0.0" classname="com.SFDC.Automation.AutomationScript_Test">
    <ignored/>
  </testcase> <!-- ViewErrorMsg_TC30 -->
  <testcase name="Test_Quarterly_Summary_Report_TC19" time="0.0" classname="com.SFDC.Automation.AutomationScript_Test">
    <ignored/>
  </testcase> <!-- Test_Quarterly_Summary_Report_TC19 -->
  <testcase name="Accounts_Merge_TC13" time="0.0" classname="com.SFDC.Automation.AutomationScript_Test">
    <ignored/>
  </testcase> <!-- Accounts_Merge_TC13 -->
  <testcase name="UserMenu_LogOut_09" time="0.0" classname="com.SFDC.Automation.AutomationScript_Test">
    <ignored/>
  </testcase> <!-- UserMenu_LogOut_09 -->
  <testcase name="TodaysLead_TC23" time="0.0" classname="com.SFDC.Automation.AutomationScript_Test">
    <ignored/>
  </testcase> <!-- TodaysLead_TC23 -->
  <testcase name="Create_new_Opty_TC16" time="0.0" classname="com.SFDC.Automation.AutomationScript_Test">
    <ignored/>
  </testcase> <!-- Create_new_Opty_TC16 -->
  <testcase name="UserMenu_MySetting_Email_07" time="0.0" classname="com.SFDC.Automation.AutomationScript_Test">
    <ignored/>
  </testcase> <!-- UserMenu_MySetting_Email_07 -->
  <testcase name="ContactNew_SaveButton_TC32" time="0.0" classname="com.SFDC.Automation.AutomationScript_Test">
    <ignored/>
  </testcase> <!-- ContactNew_SaveButton_TC32 -->
  <testcase name="UserMenu_MySetting_Display_07" time="0.0" classname="com.SFDC.Automation.AutomationScript_Test">
    <ignored/>
  </testcase> <!-- UserMenu_MySetting_Display_07 -->
  <testcase name="MyContacts_TC28" time="0.0" classname="com.SFDC.Automation.AutomationScript_Test">
    <ignored/>
  </testcase> <!-- MyContacts_TC28 -->
  <testcase name="UserMenu_MySetting_CalendarReminder_07" time="0.0" classname="com.SFDC.Automation.AutomationScript_Test">
    <ignored/>
  </testcase> <!-- UserMenu_MySetting_CalendarReminder_07 -->
  <testcase name="oppurtunity_Stuck_report_TC18" time="0.0" classname="com.SFDC.Automation.AutomationScript_Test">
    <ignored/>
  </testcase> <!-- oppurtunity_Stuck_report_TC18 -->
  <testcase name="ViewDropDown_TC21" time="0.0" classname="com.SFDC.Automation.AutomationScript_Test">
    <ignored/>
  </testcase> <!-- ViewDropDown_TC21 -->
  <testcase name="ValidateLastName_TC34" time="0.0" classname="com.SFDC.Automation.AutomationScript_Test">
    <ignored/>
  </testcase> <!-- ValidateLastName_TC34 -->
  <testcase name="Accounts_Create_New_TC10" time="0.0" classname="com.SFDC.Automation.AutomationScript_Test">
    <ignored/>
  </testcase> <!-- Accounts_Create_New_TC10 -->
  <testcase name="Accounts_Create_New_View_TC11" time="0.0" classname="com.SFDC.Automation.AutomationScript_Test">
    <ignored/>
  </testcase> <!-- Accounts_Create_New_View_TC11 -->
  <testcase name="FirstLastName_TC33" time="0.0" classname="com.SFDC.Automation.AutomationScript_Test">
    <ignored/>
  </testcase> <!-- FirstLastName_TC33 -->
  <testcase name="oppurtunity_TC15" time="0.0" classname="com.SFDC.Automation.AutomationScript_Test">
    <ignored/>
  </testcase> <!-- oppurtunity_TC15 -->
  <testcase name="MyProfile_TC06" time="0.0" classname="com.SFDC.Automation.AutomationScript_Test">
    <ignored/>
  </testcase> <!-- MyProfile_TC06 -->
  <testcase name="NewButton_TC24" time="0.0" classname="com.SFDC.Automation.AutomationScript_Test">
    <ignored/>
  </testcase> <!-- NewButton_TC24 -->
  <testcase name="RecentCretaed_TC27" time="0.0" classname="com.SFDC.Automation.AutomationScript_Test">
    <ignored/>
  </testcase> <!-- RecentCretaed_TC27 -->
  <testcase name="UserMenu_DeveloperConsole_08" time="0.0" classname="com.SFDC.Automation.AutomationScript_Test">
    <ignored/>
  </testcase> <!-- UserMenu_DeveloperConsole_08 -->
  <testcase name="LeadTab_TC20" time="0.0" classname="com.SFDC.Automation.AutomationScript_Test">
    <ignored/>
  </testcase> <!-- LeadTab_TC20 -->
  <testcase name="initialize_Driver" time="0.0" classname="com.SFDC.Automation.AutomationScript_Test">
    <ignored/>
  </testcase> <!-- initialize_Driver -->
  <testcase name="UserMenu_TC05" time="0.0" classname="com.SFDC.Automation.AutomationScript_Test">
    <ignored/>
  </testcase> <!-- UserMenu_TC05 -->
  <testcase name="Contact_TC25" time="0.0" classname="com.SFDC.Automation.AutomationScript_Test">
    <ignored/>
  </testcase> <!-- Contact_TC25 -->
  <testcase name="UserMenu_MySetting_Personal_TC07" time="0.0" classname="com.SFDC.Automation.AutomationScript_Test">
    <ignored/>
  </testcase> <!-- UserMenu_MySetting_Personal_TC07 -->
  <testcase name="Functionality_Go_Button_TC22" time="0.0" classname="com.SFDC.Automation.AutomationScript_Test">
    <ignored/>
  </testcase> <!-- Functionality_Go_Button_TC22 -->
  <testcase name="launchUrl" time="0.0" classname="com.SFDC.Automation.AutomationScript_Test">
    <ignored/>
  </testcase> <!-- launchUrl -->
  <testcase name="ContactName_TC29" time="0.0" classname="com.SFDC.Automation.AutomationScript_Test">
    <ignored/>
  </testcase> <!-- ContactName_TC29 -->
  <testcase name="Contact_View_TC26" time="0.0" classname="com.SFDC.Automation.AutomationScript_Test">
    <ignored/>
  </testcase> <!-- Contact_View_TC26 -->
  <testcase name="Accounts_Edit_View_TC12" time="0.0" classname="com.SFDC.Automation.AutomationScript_Test">
    <ignored/>
  </testcase> <!-- Accounts_Edit_View_TC12 -->
  <testcase name="AllTab_TC35" time="0.0" classname="com.SFDC.Automation.AutomationScript_Test">
    <ignored/>
  </testcase> <!-- AllTab_TC35 -->
  <testcase name="oppurtunity_Pipeline_report_TC17" time="0.0" classname="com.SFDC.Automation.AutomationScript_Test">
    <ignored/>
  </testcase> <!-- oppurtunity_Pipeline_report_TC17 -->
</testsuite> <!-- testngTest -->
